# JRE version: OpenJDK Runtime Environment (17.0.10) (build 17.0.10+0--11572160)
# Java VM: OpenJDK 64-Bit Server VM (17.0.10+0--11572160, mixed mode, tiered, compressed oops, compressed class ptrs, g1 gc, windows-amd64)
GC Precious Log:
 CPUs: 6 total, 6 available
 Memory: 8122M
 Large Page Support: Disabled
 NUMA Support: Disabled
 Compressed Oops: Enabled (32-bit)
 Heap Region Size: 1M
 Heap Min Capacity: 8M
 Heap Initial Capacity: 128M
 Heap Max Capacity: 2G
 Pre-touch: Disabled
 Parallel Workers: 6
 Concurrent Workers: 2
 Concurrent Refinement Workers: 6
 Periodic GC: Disabled
Heap:
 garbage-first heap   total 78848K, used 46305K [0x0000000080000000, 0x0000000100000000)
  region size 1024K, 3 young (3072K), 2 survivors (2048K)
 Metaspace       used 55444K, committed 55872K, reserved 1114112K
  class space    used 7505K, committed 7680K, reserved 1048576K
GC Heap History (20 events):
Event: 20.766 GC heap before
{Heap before GC invocations=11 (full 0):
 garbage-first heap   total 71680K, used 55103K [0x0000000080000000, 0x0000000100000000)
  region size 1024K, 27 young (27648K), 3 survivors (3072K)
 Metaspace       used 45963K, committed 46336K, reserved 1114112K
  class space    used 6111K, committed 6272K, reserved 1048576K
}
Event: 20.771 GC heap after
{Heap after GC invocations=12 (full 0):
 garbage-first heap   total 71680K, used 33039K [0x0000000080000000, 0x0000000100000000)
  region size 1024K, 3 young (3072K), 3 survivors (3072K)
 Metaspace       used 45963K, committed 46336K, reserved 1114112K
  class space    used 6111K, committed 6272K, reserved 1048576K
}
Event: 21.749 GC heap before
{Heap before GC invocations=12 (full 0):
 garbage-first heap   total 71680K, used 49423K [0x0000000080000000, 0x0000000100000000)
  region size 1024K, 21 young (21504K), 3 survivors (3072K)
 Metaspace       used 48142K, committed 48576K, reserved 1114112K
  class space    used 6451K, committed 6656K, reserved 1048576K
}
Event: 21.751 GC heap after
{Heap after GC invocations=13 (full 0):
 garbage-first heap   total 71680K, used 34166K [0x0000000080000000, 0x0000000100000000)
  region size 1024K, 2 young (2048K), 2 survivors (2048K)
 Metaspace       used 48142K, committed 48576K, reserved 1114112K
  class space    used 6451K, committed 6656K, reserved 1048576K
}
Event: 22.923 GC heap before
{Heap before GC invocations=14 (full 0):
 garbage-first heap   total 71680K, used 57718K [0x0000000080000000, 0x0000000100000000)
  region size 1024K, 23 young (23552K), 2 survivors (2048K)
 Metaspace       used 51060K, committed 51520K, reserved 1114112K
  class space    used 6823K, committed 7040K, reserved 1048576K
}
Event: 22.925 GC heap after
{Heap after GC invocations=15 (full 0):
 garbage-first heap   total 71680K, used 34384K [0x0000000080000000, 0x0000000100000000)
  region size 1024K, 2 young (2048K), 2 survivors (2048K)
 Metaspace       used 51060K, committed 51520K, reserved 1114112K
  class space    used 6823K, committed 7040K, reserved 1048576K
}
Event: 24.034 GC heap before
{Heap before GC invocations=15 (full 0):
 garbage-first heap   total 71680K, used 56912K [0x0000000080000000, 0x0000000100000000)
  region size 1024K, 24 young (24576K), 2 survivors (2048K)
 Metaspace       used 53668K, committed 54144K, reserved 1114112K
  class space    used 7241K, committed 7424K, reserved 1048576K
}
Event: 24.037 GC heap after
{Heap after GC invocations=16 (full 0):
 garbage-first heap   total 71680K, used 35635K [0x0000000080000000, 0x0000000100000000)
  region size 1024K, 3 young (3072K), 3 survivors (3072K)
 Metaspace       used 53668K, committed 54144K, reserved 1114112K
  class space    used 7241K, committed 7424K, reserved 1048576K
}
Event: 25.876 GC heap before
{Heap before GC invocations=17 (full 0):
 garbage-first heap   total 71680K, used 57139K [0x0000000080000000, 0x0000000100000000)
  region size 1024K, 25 young (25600K), 3 survivors (3072K)
 Metaspace       used 54942K, committed 55424K, reserved 1114112K
  class space    used 7466K, committed 7680K, reserved 1048576K
}
Event: 25.881 GC heap after
{Heap after GC invocations=18 (full 0):
 garbage-first heap   total 71680K, used 38358K [0x0000000080000000, 0x0000000100000000)
  region size 1024K, 4 young (4096K), 4 survivors (4096K)
 Metaspace       used 54942K, committed 55424K, reserved 1114112K
  class space    used 7466K, committed 7680K, reserved 1048576K
}
Event: 26.048 GC heap before
{Heap before GC invocations=18 (full 0):
 garbage-first heap   total 71680K, used 55766K [0x0000000080000000, 0x0000000100000000)
  region size 1024K, 22 young (22528K), 4 survivors (4096K)
 Metaspace       used 55185K, committed 55680K, reserved 1114112K
  class space    used 7467K, committed 7680K, reserved 1048576K
}
Event: 26.052 GC heap after
{Heap after GC invocations=19 (full 0):
 garbage-first heap   total 71680K, used 39224K [0x0000000080000000, 0x0000000100000000)
  region size 1024K, 1 young (1024K), 1 survivors (1024K)
 Metaspace       used 55185K, committed 55680K, reserved 1114112K
  class space    used 7467K, committed 7680K, reserved 1048576K
}
Event: 26.406 GC heap before
{Heap before GC invocations=20 (full 0):
 garbage-first heap   total 73728K, used 44344K [0x0000000080000000, 0x0000000100000000)
  region size 1024K, 7 young (7168K), 1 survivors (1024K)
 Metaspace       used 55434K, committed 55872K, reserved 1114112K
  class space    used 7504K, committed 7680K, reserved 1048576K
}
Event: 26.407 GC heap after
{Heap after GC invocations=21 (full 0):
 garbage-first heap   total 73728K, used 39577K [0x0000000080000000, 0x0000000100000000)
  region size 1024K, 2 young (2048K), 2 survivors (2048K)
 Metaspace       used 55434K, committed 55872K, reserved 1114112K
  class space    used 7504K, committed 7680K, reserved 1048576K
}
Event: 26.561 GC heap before
{Heap before GC invocations=22 (full 0):
 garbage-first heap   total 73728K, used 40601K [0x0000000080000000, 0x0000000100000000)
  region size 1024K, 3 young (3072K), 2 survivors (2048K)
 Metaspace       used 55427K, committed 55872K, reserved 1114112K
  class space    used 7501K, committed 7680K, reserved 1048576K
}
Event: 26.562 GC heap after
{Heap after GC invocations=23 (full 0):
 garbage-first heap   total 73728K, used 40618K [0x0000000080000000, 0x0000000100000000)
  region size 1024K, 2 young (2048K), 2 survivors (2048K)
 Metaspace       used 55427K, committed 55872K, reserved 1114112K
  class space    used 7501K, committed 7680K, reserved 1048576K
}
Event: 27.008 GC heap before
{Heap before GC invocations=24 (full 0):
 garbage-first heap   total 76800K, used 42666K [0x0000000080000000, 0x0000000100000000)
  region size 1024K, 3 young (3072K), 2 survivors (2048K)
 Metaspace       used 55428K, committed 55872K, reserved 1114112K
  class space    used 7501K, committed 7680K, reserved 1048576K
}
Event: 27.010 GC heap after
{Heap after GC invocations=25 (full 0):
 garbage-first heap   total 76800K, used 42798K [0x0000000080000000, 0x0000000100000000)
  region size 1024K, 2 young (2048K), 2 survivors (2048K)
 Metaspace       used 55428K, committed 55872K, reserved 1114112K
  class space    used 7501K, committed 7680K, reserved 1048576K
}
Event: 27.696 GC heap before
{Heap before GC invocations=26 (full 0):
 garbage-first heap   total 78848K, used 43822K [0x0000000080000000, 0x0000000100000000)
  region size 1024K, 3 young (3072K), 2 survivors (2048K)
 Metaspace       used 55444K, committed 55872K, reserved 1114112K
  class space    used 7505K, committed 7680K, reserved 1048576K
}
Event: 27.698 GC heap after
{Heap after GC invocations=27 (full 0):
 garbage-first heap   total 78848K, used 44257K [0x0000000080000000, 0x0000000100000000)
  region size 1024K, 2 young (2048K), 2 survivors (2048K)
 Metaspace       used 55444K, committed 55872K, reserved 1114112K
  class space    used 7505K, committed 7680K, reserved 1048576K
}

